<?xml version="1.0" encoding="UTF-8"?>
<testsuite xmlns:xsi="http://www.w3.org/2001/XMLSchema-instance" xsi:noNamespaceSchemaLocation="https://maven.apache.org/surefire/maven-surefire-plugin/xsd/surefire-test-report-3.0.xsd" version="3.0" name="com.example.web.WebApplicationTests" time="6.075" tests="1" errors="0" skipped="0" failures="0">
  <properties>
    <property name="java.specification.version" value="17"/>
    <property name="sun.cpu.isalist" value="amd64"/>
    <property name="sun.jnu.encoding" value="GBK"/>
    <property name="java.class.path" value="D:\XTTC\WMS\WMS-parent\WMS.springboot\target\test-classes;D:\XTTC\WMS\WMS-parent\WMS.springboot\target\classes;D:\XTTC\maven\apache-maven-3.9.4\mvn_repo\org\springframework\boot\spring-boot-starter-web\3.3.1\spring-boot-starter-web-3.3.1.jar;D:\XTTC\maven\apache-maven-3.9.4\mvn_repo\org\springframework\boot\spring-boot-starter\3.3.1\spring-boot-starter-3.3.1.jar;D:\XTTC\maven\apache-maven-3.9.4\mvn_repo\org\springframework\boot\spring-boot-starter-logging\3.3.1\spring-boot-starter-logging-3.3.1.jar;D:\XTTC\maven\apache-maven-3.9.4\mvn_repo\ch\qos\logback\logback-classic\1.5.6\logback-classic-1.5.6.jar;D:\XTTC\maven\apache-maven-3.9.4\mvn_repo\ch\qos\logback\logback-core\1.5.6\logback-core-1.5.6.jar;D:\XTTC\maven\apache-maven-3.9.4\mvn_repo\org\apache\logging\log4j\log4j-to-slf4j\2.23.1\log4j-to-slf4j-2.23.1.jar;D:\XTTC\maven\apache-maven-3.9.4\mvn_repo\org\apache\logging\log4j\log4j-api\2.23.1\log4j-api-2.23.1.jar;D:\XTTC\maven\apache-maven-3.9.4\mvn_repo\org\slf4j\jul-to-slf4j\2.0.13\jul-to-slf4j-2.0.13.jar;D:\XTTC\maven\apache-maven-3.9.4\mvn_repo\jakarta\annotation\jakarta.annotation-api\2.1.1\jakarta.annotation-api-2.1.1.jar;D:\XTTC\maven\apache-maven-3.9.4\mvn_repo\org\yaml\snakeyaml\2.2\snakeyaml-2.2.jar;D:\XTTC\maven\apache-maven-3.9.4\mvn_repo\org\springframework\boot\spring-boot-starter-json\3.3.1\spring-boot-starter-json-3.3.1.jar;D:\XTTC\maven\apache-maven-3.9.4\mvn_repo\com\fasterxml\jackson\datatype\jackson-datatype-jdk8\2.17.1\jackson-datatype-jdk8-2.17.1.jar;D:\XTTC\maven\apache-maven-3.9.4\mvn_repo\com\fasterxml\jackson\datatype\jackson-datatype-jsr310\2.17.1\jackson-datatype-jsr310-2.17.1.jar;D:\XTTC\maven\apache-maven-3.9.4\mvn_repo\com\fasterxml\jackson\module\jackson-module-parameter-names\2.17.1\jackson-module-parameter-names-2.17.1.jar;D:\XTTC\maven\apache-maven-3.9.4\mvn_repo\org\springframework\boot\spring-boot-starter-tomcat\3.3.1\spring-boot-starter-tomcat-3.3.1.jar;D:\XTTC\maven\apache-maven-3.9.4\mvn_repo\org\apache\tomcat\embed\tomcat-embed-core\10.1.25\tomcat-embed-core-10.1.25.jar;D:\XTTC\maven\apache-maven-3.9.4\mvn_repo\org\apache\tomcat\embed\tomcat-embed-el\10.1.25\tomcat-embed-el-10.1.25.jar;D:\XTTC\maven\apache-maven-3.9.4\mvn_repo\org\apache\tomcat\embed\tomcat-embed-websocket\10.1.25\tomcat-embed-websocket-10.1.25.jar;D:\XTTC\maven\apache-maven-3.9.4\mvn_repo\org\springframework\spring-web\6.1.10\spring-web-6.1.10.jar;D:\XTTC\maven\apache-maven-3.9.4\mvn_repo\org\springframework\spring-beans\6.1.10\spring-beans-6.1.10.jar;D:\XTTC\maven\apache-maven-3.9.4\mvn_repo\io\micrometer\micrometer-observation\1.13.1\micrometer-observation-1.13.1.jar;D:\XTTC\maven\apache-maven-3.9.4\mvn_repo\io\micrometer\micrometer-commons\1.13.1\micrometer-commons-1.13.1.jar;D:\XTTC\maven\apache-maven-3.9.4\mvn_repo\org\springframework\spring-webmvc\6.1.10\spring-webmvc-6.1.10.jar;D:\XTTC\maven\apache-maven-3.9.4\mvn_repo\org\springframework\spring-aop\6.1.10\spring-aop-6.1.10.jar;D:\XTTC\maven\apache-maven-3.9.4\mvn_repo\org\springframework\spring-context\6.1.10\spring-context-6.1.10.jar;D:\XTTC\maven\apache-maven-3.9.4\mvn_repo\org\springframework\spring-expression\6.1.10\spring-expression-6.1.10.jar;D:\XTTC\maven\apache-maven-3.9.4\mvn_repo\org\springframework\boot\spring-boot-starter-jdbc\3.3.1\spring-boot-starter-jdbc-3.3.1.jar;D:\XTTC\maven\apache-maven-3.9.4\mvn_repo\com\zaxxer\HikariCP\5.1.0\HikariCP-5.1.0.jar;D:\XTTC\maven\apache-maven-3.9.4\mvn_repo\org\slf4j\slf4j-api\2.0.13\slf4j-api-2.0.13.jar;D:\XTTC\maven\apache-maven-3.9.4\mvn_repo\org\springframework\spring-jdbc\6.1.10\spring-jdbc-6.1.10.jar;D:\XTTC\maven\apache-maven-3.9.4\mvn_repo\org\springframework\spring-tx\6.1.10\spring-tx-6.1.10.jar;D:\XTTC\maven\apache-maven-3.9.4\mvn_repo\org\springframework\boot\spring-boot-devtools\3.3.1\spring-boot-devtools-3.3.1.jar;D:\XTTC\maven\apache-maven-3.9.4\mvn_repo\org\springframework\boot\spring-boot\3.3.1\spring-boot-3.3.1.jar;D:\XTTC\maven\apache-maven-3.9.4\mvn_repo\org\springframework\boot\spring-boot-autoconfigure\3.3.1\spring-boot-autoconfigure-3.3.1.jar;D:\XTTC\maven\apache-maven-3.9.4\mvn_repo\org\projectlombok\lombok\1.18.30\lombok-1.18.30.jar;D:\XTTC\maven\apache-maven-3.9.4\mvn_repo\org\springframework\boot\spring-boot-starter-test\3.3.1\spring-boot-starter-test-3.3.1.jar;D:\XTTC\maven\apache-maven-3.9.4\mvn_repo\org\springframework\boot\spring-boot-test\3.3.1\spring-boot-test-3.3.1.jar;D:\XTTC\maven\apache-maven-3.9.4\mvn_repo\org\springframework\boot\spring-boot-test-autoconfigure\3.3.1\spring-boot-test-autoconfigure-3.3.1.jar;D:\XTTC\maven\apache-maven-3.9.4\mvn_repo\com\jayway\jsonpath\json-path\2.9.0\json-path-2.9.0.jar;D:\XTTC\maven\apache-maven-3.9.4\mvn_repo\jakarta\xml\bind\jakarta.xml.bind-api\4.0.2\jakarta.xml.bind-api-4.0.2.jar;D:\XTTC\maven\apache-maven-3.9.4\mvn_repo\jakarta\activation\jakarta.activation-api\2.1.3\jakarta.activation-api-2.1.3.jar;D:\XTTC\maven\apache-maven-3.9.4\mvn_repo\net\minidev\json-smart\2.5.1\json-smart-2.5.1.jar;D:\XTTC\maven\apache-maven-3.9.4\mvn_repo\net\minidev\accessors-smart\2.5.1\accessors-smart-2.5.1.jar;D:\XTTC\maven\apache-maven-3.9.4\mvn_repo\org\ow2\asm\asm\9.6\asm-9.6.jar;D:\XTTC\maven\apache-maven-3.9.4\mvn_repo\org\assertj\assertj-core\3.25.3\assertj-core-3.25.3.jar;D:\XTTC\maven\apache-maven-3.9.4\mvn_repo\net\bytebuddy\byte-buddy\1.14.17\byte-buddy-1.14.17.jar;D:\XTTC\maven\apache-maven-3.9.4\mvn_repo\org\awaitility\awaitility\4.2.1\awaitility-4.2.1.jar;D:\XTTC\maven\apache-maven-3.9.4\mvn_repo\org\hamcrest\hamcrest\2.2\hamcrest-2.2.jar;D:\XTTC\maven\apache-maven-3.9.4\mvn_repo\org\junit\jupiter\junit-jupiter\5.10.2\junit-jupiter-5.10.2.jar;D:\XTTC\maven\apache-maven-3.9.4\mvn_repo\org\junit\jupiter\junit-jupiter-api\5.10.2\junit-jupiter-api-5.10.2.jar;D:\XTTC\maven\apache-maven-3.9.4\mvn_repo\org\opentest4j\opentest4j\1.3.0\opentest4j-1.3.0.jar;D:\XTTC\maven\apache-maven-3.9.4\mvn_repo\org\junit\platform\junit-platform-commons\1.10.2\junit-platform-commons-1.10.2.jar;D:\XTTC\maven\apache-maven-3.9.4\mvn_repo\org\apiguardian\apiguardian-api\1.1.2\apiguardian-api-1.1.2.jar;D:\XTTC\maven\apache-maven-3.9.4\mvn_repo\org\junit\jupiter\junit-jupiter-params\5.10.2\junit-jupiter-params-5.10.2.jar;D:\XTTC\maven\apache-maven-3.9.4\mvn_repo\org\junit\jupiter\junit-jupiter-engine\5.10.2\junit-jupiter-engine-5.10.2.jar;D:\XTTC\maven\apache-maven-3.9.4\mvn_repo\org\junit\platform\junit-platform-engine\1.10.2\junit-platform-engine-1.10.2.jar;D:\XTTC\maven\apache-maven-3.9.4\mvn_repo\org\mockito\mockito-core\5.11.0\mockito-core-5.11.0.jar;D:\XTTC\maven\apache-maven-3.9.4\mvn_repo\net\bytebuddy\byte-buddy-agent\1.14.17\byte-buddy-agent-1.14.17.jar;D:\XTTC\maven\apache-maven-3.9.4\mvn_repo\org\objenesis\objenesis\3.3\objenesis-3.3.jar;D:\XTTC\maven\apache-maven-3.9.4\mvn_repo\org\mockito\mockito-junit-jupiter\5.11.0\mockito-junit-jupiter-5.11.0.jar;D:\XTTC\maven\apache-maven-3.9.4\mvn_repo\org\skyscreamer\jsonassert\1.5.1\jsonassert-1.5.1.jar;D:\XTTC\maven\apache-maven-3.9.4\mvn_repo\com\vaadin\external\google\android-json\0.0.20131108.vaadin1\android-json-0.0.20131108.vaadin1.jar;D:\XTTC\maven\apache-maven-3.9.4\mvn_repo\org\springframework\spring-core\6.1.10\spring-core-6.1.10.jar;D:\XTTC\maven\apache-maven-3.9.4\mvn_repo\org\springframework\spring-jcl\6.1.10\spring-jcl-6.1.10.jar;D:\XTTC\maven\apache-maven-3.9.4\mvn_repo\org\springframework\spring-test\6.1.10\spring-test-6.1.10.jar;D:\XTTC\maven\apache-maven-3.9.4\mvn_repo\org\xmlunit\xmlunit-core\2.9.1\xmlunit-core-2.9.1.jar;D:\XTTC\maven\apache-maven-3.9.4\mvn_repo\com\baomidou\mybatis-plus-spring-boot3-starter\3.5.7\mybatis-plus-spring-boot3-starter-3.5.7.jar;D:\XTTC\maven\apache-maven-3.9.4\mvn_repo\com\baomidou\mybatis-plus\3.5.7\mybatis-plus-3.5.7.jar;D:\XTTC\maven\apache-maven-3.9.4\mvn_repo\com\baomidou\mybatis-plus-core\3.5.7\mybatis-plus-core-3.5.7.jar;D:\XTTC\maven\apache-maven-3.9.4\mvn_repo\com\baomidou\mybatis-plus-annotation\3.5.7\mybatis-plus-annotation-3.5.7.jar;D:\XTTC\maven\apache-maven-3.9.4\mvn_repo\com\baomidou\mybatis-plus-extension\3.5.7\mybatis-plus-extension-3.5.7.jar;D:\XTTC\maven\apache-maven-3.9.4\mvn_repo\org\mybatis\mybatis\3.5.16\mybatis-3.5.16.jar;D:\XTTC\maven\apache-maven-3.9.4\mvn_repo\com\github\jsqlparser\jsqlparser\4.9\jsqlparser-4.9.jar;D:\XTTC\maven\apache-maven-3.9.4\mvn_repo\org\mybatis\mybatis-spring\3.0.3\mybatis-spring-3.0.3.jar;D:\XTTC\maven\apache-maven-3.9.4\mvn_repo\com\baomidou\mybatis-plus-spring-boot-autoconfigure\3.5.7\mybatis-plus-spring-boot-autoconfigure-3.5.7.jar;D:\XTTC\maven\apache-maven-3.9.4\mvn_repo\com\mysql\mysql-connector-j\8.0.33\mysql-connector-j-8.0.33.jar;D:\XTTC\maven\apache-maven-3.9.4\mvn_repo\com\google\protobuf\protobuf-java\3.21.9\protobuf-java-3.21.9.jar;D:\XTTC\maven\apache-maven-3.9.4\mvn_repo\com\auth0\java-jwt\3.19.2\java-jwt-3.19.2.jar;D:\XTTC\maven\apache-maven-3.9.4\mvn_repo\com\fasterxml\jackson\core\jackson-databind\2.17.1\jackson-databind-2.17.1.jar;D:\XTTC\maven\apache-maven-3.9.4\mvn_repo\com\fasterxml\jackson\core\jackson-annotations\2.17.1\jackson-annotations-2.17.1.jar;D:\XTTC\maven\apache-maven-3.9.4\mvn_repo\com\fasterxml\jackson\core\jackson-core\2.17.1\jackson-core-2.17.1.jar;D:\XTTC\maven\apache-maven-3.9.4\mvn_repo\org\apache\poi\poi\4.1.0\poi-4.1.0.jar;D:\XTTC\maven\apache-maven-3.9.4\mvn_repo\commons-codec\commons-codec\1.16.1\commons-codec-1.16.1.jar;D:\XTTC\maven\apache-maven-3.9.4\mvn_repo\org\apache\commons\commons-collections4\4.3\commons-collections4-4.3.jar;D:\XTTC\maven\apache-maven-3.9.4\mvn_repo\org\apache\commons\commons-math3\3.6.1\commons-math3-3.6.1.jar;D:\XTTC\maven\apache-maven-3.9.4\mvn_repo\org\apache\poi\poi-ooxml\4.1.0\poi-ooxml-4.1.0.jar;D:\XTTC\maven\apache-maven-3.9.4\mvn_repo\org\apache\poi\poi-ooxml-schemas\4.1.0\poi-ooxml-schemas-4.1.0.jar;D:\XTTC\maven\apache-maven-3.9.4\mvn_repo\org\apache\xmlbeans\xmlbeans\3.1.0\xmlbeans-3.1.0.jar;D:\XTTC\maven\apache-maven-3.9.4\mvn_repo\org\apache\commons\commons-compress\1.18\commons-compress-1.18.jar;D:\XTTC\maven\apache-maven-3.9.4\mvn_repo\com\github\virtuald\curvesapi\1.06\curvesapi-1.06.jar;D:\XTTC\maven\apache-maven-3.9.4\mvn_repo\org\apache\httpcomponents\httpclient\4.5.3\httpclient-4.5.3.jar;D:\XTTC\maven\apache-maven-3.9.4\mvn_repo\org\apache\httpcomponents\httpcore\4.4.16\httpcore-4.4.16.jar;D:\XTTC\maven\apache-maven-3.9.4\mvn_repo\commons-logging\commons-logging\1.2\commons-logging-1.2.jar;D:\XTTC\maven\apache-maven-3.9.4\mvn_repo\com\aliyun\oss\aliyun-sdk-oss\3.15.1\aliyun-sdk-oss-3.15.1.jar;D:\XTTC\maven\apache-maven-3.9.4\mvn_repo\org\jdom\jdom2\2.0.6.1\jdom2-2.0.6.1.jar;D:\XTTC\maven\apache-maven-3.9.4\mvn_repo\org\codehaus\jettison\jettison\1.1\jettison-1.1.jar;D:\XTTC\maven\apache-maven-3.9.4\mvn_repo\stax\stax-api\1.0.1\stax-api-1.0.1.jar;D:\XTTC\maven\apache-maven-3.9.4\mvn_repo\com\aliyun\aliyun-java-sdk-core\4.5.10\aliyun-java-sdk-core-4.5.10.jar;D:\XTTC\maven\apache-maven-3.9.4\mvn_repo\com\google\code\gson\gson\2.10.1\gson-2.10.1.jar;D:\XTTC\maven\apache-maven-3.9.4\mvn_repo\javax\xml\bind\jaxb-api\2.3.1\jaxb-api-2.3.1.jar;D:\XTTC\maven\apache-maven-3.9.4\mvn_repo\javax\activation\javax.activation-api\1.2.0\javax.activation-api-1.2.0.jar;D:\XTTC\maven\apache-maven-3.9.4\mvn_repo\org\jacoco\org.jacoco.agent\0.8.5\org.jacoco.agent-0.8.5-runtime.jar;D:\XTTC\maven\apache-maven-3.9.4\mvn_repo\org\ini4j\ini4j\0.5.4\ini4j-0.5.4.jar;D:\XTTC\maven\apache-maven-3.9.4\mvn_repo\io\opentracing\opentracing-api\0.33.0\opentracing-api-0.33.0.jar;D:\XTTC\maven\apache-maven-3.9.4\mvn_repo\io\opentracing\opentracing-util\0.33.0\opentracing-util-0.33.0.jar;D:\XTTC\maven\apache-maven-3.9.4\mvn_repo\io\opentracing\opentracing-noop\0.33.0\opentracing-noop-0.33.0.jar;D:\XTTC\maven\apache-maven-3.9.4\mvn_repo\com\aliyun\aliyun-java-sdk-ram\3.1.0\aliyun-java-sdk-ram-3.1.0.jar;D:\XTTC\maven\apache-maven-3.9.4\mvn_repo\com\aliyun\aliyun-java-sdk-kms\2.11.0\aliyun-java-sdk-kms-2.11.0.jar;D:\XTTC\maven\apache-maven-3.9.4\mvn_repo\commons-beanutils\commons-beanutils\1.9.0\commons-beanutils-1.9.0.jar;D:\XTTC\maven\apache-maven-3.9.4\mvn_repo\commons-collections\commons-collections\3.2.1\commons-collections-3.2.1.jar;"/>
    <property name="java.vm.vendor" value="Oracle Corporation"/>
    <property name="sun.arch.data.model" value="64"/>
    <property name="user.variant" value=""/>
    <property name="java.vendor.url" value="https://java.oracle.com/"/>
    <property name="user.timezone" value="Asia/Shanghai"/>
    <property name="os.name" value="Windows 10"/>
    <property name="java.vm.specification.version" value="17"/>
    <property name="sun.java.launcher" value="SUN_STANDARD"/>
    <property name="user.country" value="CN"/>
    <property name="sun.boot.library.path" value="C:\Program Files\Java\jdk-17\bin"/>
    <property name="sun.java.command" value="C:\Users\18332\AppData\Local\Temp\surefire7051790054124605438\surefirebooter-20250607160507760_3.jar C:\Users\18332\AppData\Local\Temp\surefire7051790054124605438 2025-06-07T16-05-03_517-jvmRun1 surefire-20250607160507760_1tmp surefire_0-20250607160507760_2tmp"/>
    <property name="jdk.debug" value="release"/>
    <property name="surefire.test.class.path" value="D:\XTTC\WMS\WMS-parent\WMS.springboot\target\test-classes;D:\XTTC\WMS\WMS-parent\WMS.springboot\target\classes;D:\XTTC\maven\apache-maven-3.9.4\mvn_repo\org\springframework\boot\spring-boot-starter-web\3.3.1\spring-boot-starter-web-3.3.1.jar;D:\XTTC\maven\apache-maven-3.9.4\mvn_repo\org\springframework\boot\spring-boot-starter\3.3.1\spring-boot-starter-3.3.1.jar;D:\XTTC\maven\apache-maven-3.9.4\mvn_repo\org\springframework\boot\spring-boot-starter-logging\3.3.1\spring-boot-starter-logging-3.3.1.jar;D:\XTTC\maven\apache-maven-3.9.4\mvn_repo\ch\qos\logback\logback-classic\1.5.6\logback-classic-1.5.6.jar;D:\XTTC\maven\apache-maven-3.9.4\mvn_repo\ch\qos\logback\logback-core\1.5.6\logback-core-1.5.6.jar;D:\XTTC\maven\apache-maven-3.9.4\mvn_repo\org\apache\logging\log4j\log4j-to-slf4j\2.23.1\log4j-to-slf4j-2.23.1.jar;D:\XTTC\maven\apache-maven-3.9.4\mvn_repo\org\apache\logging\log4j\log4j-api\2.23.1\log4j-api-2.23.1.jar;D:\XTTC\maven\apache-maven-3.9.4\mvn_repo\org\slf4j\jul-to-slf4j\2.0.13\jul-to-slf4j-2.0.13.jar;D:\XTTC\maven\apache-maven-3.9.4\mvn_repo\jakarta\annotation\jakarta.annotation-api\2.1.1\jakarta.annotation-api-2.1.1.jar;D:\XTTC\maven\apache-maven-3.9.4\mvn_repo\org\yaml\snakeyaml\2.2\snakeyaml-2.2.jar;D:\XTTC\maven\apache-maven-3.9.4\mvn_repo\org\springframework\boot\spring-boot-starter-json\3.3.1\spring-boot-starter-json-3.3.1.jar;D:\XTTC\maven\apache-maven-3.9.4\mvn_repo\com\fasterxml\jackson\datatype\jackson-datatype-jdk8\2.17.1\jackson-datatype-jdk8-2.17.1.jar;D:\XTTC\maven\apache-maven-3.9.4\mvn_repo\com\fasterxml\jackson\datatype\jackson-datatype-jsr310\2.17.1\jackson-datatype-jsr310-2.17.1.jar;D:\XTTC\maven\apache-maven-3.9.4\mvn_repo\com\fasterxml\jackson\module\jackson-module-parameter-names\2.17.1\jackson-module-parameter-names-2.17.1.jar;D:\XTTC\maven\apache-maven-3.9.4\mvn_repo\org\springframework\boot\spring-boot-starter-tomcat\3.3.1\spring-boot-starter-tomcat-3.3.1.jar;D:\XTTC\maven\apache-maven-3.9.4\mvn_repo\org\apache\tomcat\embed\tomcat-embed-core\10.1.25\tomcat-embed-core-10.1.25.jar;D:\XTTC\maven\apache-maven-3.9.4\mvn_repo\org\apache\tomcat\embed\tomcat-embed-el\10.1.25\tomcat-embed-el-10.1.25.jar;D:\XTTC\maven\apache-maven-3.9.4\mvn_repo\org\apache\tomcat\embed\tomcat-embed-websocket\10.1.25\tomcat-embed-websocket-10.1.25.jar;D:\XTTC\maven\apache-maven-3.9.4\mvn_repo\org\springframework\spring-web\6.1.10\spring-web-6.1.10.jar;D:\XTTC\maven\apache-maven-3.9.4\mvn_repo\org\springframework\spring-beans\6.1.10\spring-beans-6.1.10.jar;D:\XTTC\maven\apache-maven-3.9.4\mvn_repo\io\micrometer\micrometer-observation\1.13.1\micrometer-observation-1.13.1.jar;D:\XTTC\maven\apache-maven-3.9.4\mvn_repo\io\micrometer\micrometer-commons\1.13.1\micrometer-commons-1.13.1.jar;D:\XTTC\maven\apache-maven-3.9.4\mvn_repo\org\springframework\spring-webmvc\6.1.10\spring-webmvc-6.1.10.jar;D:\XTTC\maven\apache-maven-3.9.4\mvn_repo\org\springframework\spring-aop\6.1.10\spring-aop-6.1.10.jar;D:\XTTC\maven\apache-maven-3.9.4\mvn_repo\org\springframework\spring-context\6.1.10\spring-context-6.1.10.jar;D:\XTTC\maven\apache-maven-3.9.4\mvn_repo\org\springframework\spring-expression\6.1.10\spring-expression-6.1.10.jar;D:\XTTC\maven\apache-maven-3.9.4\mvn_repo\org\springframework\boot\spring-boot-starter-jdbc\3.3.1\spring-boot-starter-jdbc-3.3.1.jar;D:\XTTC\maven\apache-maven-3.9.4\mvn_repo\com\zaxxer\HikariCP\5.1.0\HikariCP-5.1.0.jar;D:\XTTC\maven\apache-maven-3.9.4\mvn_repo\org\slf4j\slf4j-api\2.0.13\slf4j-api-2.0.13.jar;D:\XTTC\maven\apache-maven-3.9.4\mvn_repo\org\springframework\spring-jdbc\6.1.10\spring-jdbc-6.1.10.jar;D:\XTTC\maven\apache-maven-3.9.4\mvn_repo\org\springframework\spring-tx\6.1.10\spring-tx-6.1.10.jar;D:\XTTC\maven\apache-maven-3.9.4\mvn_repo\org\springframework\boot\spring-boot-devtools\3.3.1\spring-boot-devtools-3.3.1.jar;D:\XTTC\maven\apache-maven-3.9.4\mvn_repo\org\springframework\boot\spring-boot\3.3.1\spring-boot-3.3.1.jar;D:\XTTC\maven\apache-maven-3.9.4\mvn_repo\org\springframework\boot\spring-boot-autoconfigure\3.3.1\spring-boot-autoconfigure-3.3.1.jar;D:\XTTC\maven\apache-maven-3.9.4\mvn_repo\org\projectlombok\lombok\1.18.30\lombok-1.18.30.jar;D:\XTTC\maven\apache-maven-3.9.4\mvn_repo\org\springframework\boot\spring-boot-starter-test\3.3.1\spring-boot-starter-test-3.3.1.jar;D:\XTTC\maven\apache-maven-3.9.4\mvn_repo\org\springframework\boot\spring-boot-test\3.3.1\spring-boot-test-3.3.1.jar;D:\XTTC\maven\apache-maven-3.9.4\mvn_repo\org\springframework\boot\spring-boot-test-autoconfigure\3.3.1\spring-boot-test-autoconfigure-3.3.1.jar;D:\XTTC\maven\apache-maven-3.9.4\mvn_repo\com\jayway\jsonpath\json-path\2.9.0\json-path-2.9.0.jar;D:\XTTC\maven\apache-maven-3.9.4\mvn_repo\jakarta\xml\bind\jakarta.xml.bind-api\4.0.2\jakarta.xml.bind-api-4.0.2.jar;D:\XTTC\maven\apache-maven-3.9.4\mvn_repo\jakarta\activation\jakarta.activation-api\2.1.3\jakarta.activation-api-2.1.3.jar;D:\XTTC\maven\apache-maven-3.9.4\mvn_repo\net\minidev\json-smart\2.5.1\json-smart-2.5.1.jar;D:\XTTC\maven\apache-maven-3.9.4\mvn_repo\net\minidev\accessors-smart\2.5.1\accessors-smart-2.5.1.jar;D:\XTTC\maven\apache-maven-3.9.4\mvn_repo\org\ow2\asm\asm\9.6\asm-9.6.jar;D:\XTTC\maven\apache-maven-3.9.4\mvn_repo\org\assertj\assertj-core\3.25.3\assertj-core-3.25.3.jar;D:\XTTC\maven\apache-maven-3.9.4\mvn_repo\net\bytebuddy\byte-buddy\1.14.17\byte-buddy-1.14.17.jar;D:\XTTC\maven\apache-maven-3.9.4\mvn_repo\org\awaitility\awaitility\4.2.1\awaitility-4.2.1.jar;D:\XTTC\maven\apache-maven-3.9.4\mvn_repo\org\hamcrest\hamcrest\2.2\hamcrest-2.2.jar;D:\XTTC\maven\apache-maven-3.9.4\mvn_repo\org\junit\jupiter\junit-jupiter\5.10.2\junit-jupiter-5.10.2.jar;D:\XTTC\maven\apache-maven-3.9.4\mvn_repo\org\junit\jupiter\junit-jupiter-api\5.10.2\junit-jupiter-api-5.10.2.jar;D:\XTTC\maven\apache-maven-3.9.4\mvn_repo\org\opentest4j\opentest4j\1.3.0\opentest4j-1.3.0.jar;D:\XTTC\maven\apache-maven-3.9.4\mvn_repo\org\junit\platform\junit-platform-commons\1.10.2\junit-platform-commons-1.10.2.jar;D:\XTTC\maven\apache-maven-3.9.4\mvn_repo\org\apiguardian\apiguardian-api\1.1.2\apiguardian-api-1.1.2.jar;D:\XTTC\maven\apache-maven-3.9.4\mvn_repo\org\junit\jupiter\junit-jupiter-params\5.10.2\junit-jupiter-params-5.10.2.jar;D:\XTTC\maven\apache-maven-3.9.4\mvn_repo\org\junit\jupiter\junit-jupiter-engine\5.10.2\junit-jupiter-engine-5.10.2.jar;D:\XTTC\maven\apache-maven-3.9.4\mvn_repo\org\junit\platform\junit-platform-engine\1.10.2\junit-platform-engine-1.10.2.jar;D:\XTTC\maven\apache-maven-3.9.4\mvn_repo\org\mockito\mockito-core\5.11.0\mockito-core-5.11.0.jar;D:\XTTC\maven\apache-maven-3.9.4\mvn_repo\net\bytebuddy\byte-buddy-agent\1.14.17\byte-buddy-agent-1.14.17.jar;D:\XTTC\maven\apache-maven-3.9.4\mvn_repo\org\objenesis\objenesis\3.3\objenesis-3.3.jar;D:\XTTC\maven\apache-maven-3.9.4\mvn_repo\org\mockito\mockito-junit-jupiter\5.11.0\mockito-junit-jupiter-5.11.0.jar;D:\XTTC\maven\apache-maven-3.9.4\mvn_repo\org\skyscreamer\jsonassert\1.5.1\jsonassert-1.5.1.jar;D:\XTTC\maven\apache-maven-3.9.4\mvn_repo\com\vaadin\external\google\android-json\0.0.20131108.vaadin1\android-json-0.0.20131108.vaadin1.jar;D:\XTTC\maven\apache-maven-3.9.4\mvn_repo\org\springframework\spring-core\6.1.10\spring-core-6.1.10.jar;D:\XTTC\maven\apache-maven-3.9.4\mvn_repo\org\springframework\spring-jcl\6.1.10\spring-jcl-6.1.10.jar;D:\XTTC\maven\apache-maven-3.9.4\mvn_repo\org\springframework\spring-test\6.1.10\spring-test-6.1.10.jar;D:\XTTC\maven\apache-maven-3.9.4\mvn_repo\org\xmlunit\xmlunit-core\2.9.1\xmlunit-core-2.9.1.jar;D:\XTTC\maven\apache-maven-3.9.4\mvn_repo\com\baomidou\mybatis-plus-spring-boot3-starter\3.5.7\mybatis-plus-spring-boot3-starter-3.5.7.jar;D:\XTTC\maven\apache-maven-3.9.4\mvn_repo\com\baomidou\mybatis-plus\3.5.7\mybatis-plus-3.5.7.jar;D:\XTTC\maven\apache-maven-3.9.4\mvn_repo\com\baomidou\mybatis-plus-core\3.5.7\mybatis-plus-core-3.5.7.jar;D:\XTTC\maven\apache-maven-3.9.4\mvn_repo\com\baomidou\mybatis-plus-annotation\3.5.7\mybatis-plus-annotation-3.5.7.jar;D:\XTTC\maven\apache-maven-3.9.4\mvn_repo\com\baomidou\mybatis-plus-extension\3.5.7\mybatis-plus-extension-3.5.7.jar;D:\XTTC\maven\apache-maven-3.9.4\mvn_repo\org\mybatis\mybatis\3.5.16\mybatis-3.5.16.jar;D:\XTTC\maven\apache-maven-3.9.4\mvn_repo\com\github\jsqlparser\jsqlparser\4.9\jsqlparser-4.9.jar;D:\XTTC\maven\apache-maven-3.9.4\mvn_repo\org\mybatis\mybatis-spring\3.0.3\mybatis-spring-3.0.3.jar;D:\XTTC\maven\apache-maven-3.9.4\mvn_repo\com\baomidou\mybatis-plus-spring-boot-autoconfigure\3.5.7\mybatis-plus-spring-boot-autoconfigure-3.5.7.jar;D:\XTTC\maven\apache-maven-3.9.4\mvn_repo\com\mysql\mysql-connector-j\8.0.33\mysql-connector-j-8.0.33.jar;D:\XTTC\maven\apache-maven-3.9.4\mvn_repo\com\google\protobuf\protobuf-java\3.21.9\protobuf-java-3.21.9.jar;D:\XTTC\maven\apache-maven-3.9.4\mvn_repo\com\auth0\java-jwt\3.19.2\java-jwt-3.19.2.jar;D:\XTTC\maven\apache-maven-3.9.4\mvn_repo\com\fasterxml\jackson\core\jackson-databind\2.17.1\jackson-databind-2.17.1.jar;D:\XTTC\maven\apache-maven-3.9.4\mvn_repo\com\fasterxml\jackson\core\jackson-annotations\2.17.1\jackson-annotations-2.17.1.jar;D:\XTTC\maven\apache-maven-3.9.4\mvn_repo\com\fasterxml\jackson\core\jackson-core\2.17.1\jackson-core-2.17.1.jar;D:\XTTC\maven\apache-maven-3.9.4\mvn_repo\org\apache\poi\poi\4.1.0\poi-4.1.0.jar;D:\XTTC\maven\apache-maven-3.9.4\mvn_repo\commons-codec\commons-codec\1.16.1\commons-codec-1.16.1.jar;D:\XTTC\maven\apache-maven-3.9.4\mvn_repo\org\apache\commons\commons-collections4\4.3\commons-collections4-4.3.jar;D:\XTTC\maven\apache-maven-3.9.4\mvn_repo\org\apache\commons\commons-math3\3.6.1\commons-math3-3.6.1.jar;D:\XTTC\maven\apache-maven-3.9.4\mvn_repo\org\apache\poi\poi-ooxml\4.1.0\poi-ooxml-4.1.0.jar;D:\XTTC\maven\apache-maven-3.9.4\mvn_repo\org\apache\poi\poi-ooxml-schemas\4.1.0\poi-ooxml-schemas-4.1.0.jar;D:\XTTC\maven\apache-maven-3.9.4\mvn_repo\org\apache\xmlbeans\xmlbeans\3.1.0\xmlbeans-3.1.0.jar;D:\XTTC\maven\apache-maven-3.9.4\mvn_repo\org\apache\commons\commons-compress\1.18\commons-compress-1.18.jar;D:\XTTC\maven\apache-maven-3.9.4\mvn_repo\com\github\virtuald\curvesapi\1.06\curvesapi-1.06.jar;D:\XTTC\maven\apache-maven-3.9.4\mvn_repo\org\apache\httpcomponents\httpclient\4.5.3\httpclient-4.5.3.jar;D:\XTTC\maven\apache-maven-3.9.4\mvn_repo\org\apache\httpcomponents\httpcore\4.4.16\httpcore-4.4.16.jar;D:\XTTC\maven\apache-maven-3.9.4\mvn_repo\commons-logging\commons-logging\1.2\commons-logging-1.2.jar;D:\XTTC\maven\apache-maven-3.9.4\mvn_repo\com\aliyun\oss\aliyun-sdk-oss\3.15.1\aliyun-sdk-oss-3.15.1.jar;D:\XTTC\maven\apache-maven-3.9.4\mvn_repo\org\jdom\jdom2\2.0.6.1\jdom2-2.0.6.1.jar;D:\XTTC\maven\apache-maven-3.9.4\mvn_repo\org\codehaus\jettison\jettison\1.1\jettison-1.1.jar;D:\XTTC\maven\apache-maven-3.9.4\mvn_repo\stax\stax-api\1.0.1\stax-api-1.0.1.jar;D:\XTTC\maven\apache-maven-3.9.4\mvn_repo\com\aliyun\aliyun-java-sdk-core\4.5.10\aliyun-java-sdk-core-4.5.10.jar;D:\XTTC\maven\apache-maven-3.9.4\mvn_repo\com\google\code\gson\gson\2.10.1\gson-2.10.1.jar;D:\XTTC\maven\apache-maven-3.9.4\mvn_repo\javax\xml\bind\jaxb-api\2.3.1\jaxb-api-2.3.1.jar;D:\XTTC\maven\apache-maven-3.9.4\mvn_repo\javax\activation\javax.activation-api\1.2.0\javax.activation-api-1.2.0.jar;D:\XTTC\maven\apache-maven-3.9.4\mvn_repo\org\jacoco\org.jacoco.agent\0.8.5\org.jacoco.agent-0.8.5-runtime.jar;D:\XTTC\maven\apache-maven-3.9.4\mvn_repo\org\ini4j\ini4j\0.5.4\ini4j-0.5.4.jar;D:\XTTC\maven\apache-maven-3.9.4\mvn_repo\io\opentracing\opentracing-api\0.33.0\opentracing-api-0.33.0.jar;D:\XTTC\maven\apache-maven-3.9.4\mvn_repo\io\opentracing\opentracing-util\0.33.0\opentracing-util-0.33.0.jar;D:\XTTC\maven\apache-maven-3.9.4\mvn_repo\io\opentracing\opentracing-noop\0.33.0\opentracing-noop-0.33.0.jar;D:\XTTC\maven\apache-maven-3.9.4\mvn_repo\com\aliyun\aliyun-java-sdk-ram\3.1.0\aliyun-java-sdk-ram-3.1.0.jar;D:\XTTC\maven\apache-maven-3.9.4\mvn_repo\com\aliyun\aliyun-java-sdk-kms\2.11.0\aliyun-java-sdk-kms-2.11.0.jar;D:\XTTC\maven\apache-maven-3.9.4\mvn_repo\commons-beanutils\commons-beanutils\1.9.0\commons-beanutils-1.9.0.jar;D:\XTTC\maven\apache-maven-3.9.4\mvn_repo\commons-collections\commons-collections\3.2.1\commons-collections-3.2.1.jar;"/>
    <property name="sun.cpu.endian" value="little"/>
    <property name="user.home" value="C:\Users\18332"/>
    <property name="user.language" value="zh"/>
    <property name="java.specification.vendor" value="Oracle Corporation"/>
    <property name="java.version.date" value="2024-10-15"/>
    <property name="java.home" value="C:\Program Files\Java\jdk-17"/>
    <property name="file.separator" value="\"/>
    <property name="basedir" value="D:\XTTC\WMS\WMS-parent\WMS.springboot"/>
    <property name="java.vm.compressedOopsMode" value="Zero based"/>
    <property name="line.separator" value="&#10;"/>
    <property name="java.vm.specification.vendor" value="Oracle Corporation"/>
    <property name="java.specification.name" value="Java Platform API Specification"/>
    <property name="FILE_LOG_CHARSET" value="GBK"/>
    <property name="java.awt.headless" value="true"/>
    <property name="surefire.real.class.path" value="C:\Users\18332\AppData\Local\Temp\surefire7051790054124605438\surefirebooter-20250607160507760_3.jar"/>
    <property name="user.script" value=""/>
    <property name="sun.management.compiler" value="HotSpot 64-Bit Tiered Compilers"/>
    <property name="java.runtime.version" value="17.0.13+10-LTS-268"/>
    <property name="user.name" value="18332"/>
    <property name="path.separator" value=";"/>
    <property name="os.version" value="10.0"/>
    <property name="java.runtime.name" value="Java(TM) SE Runtime Environment"/>
    <property name="file.encoding" value="GBK"/>
    <property name="java.vm.name" value="Java HotSpot(TM) 64-Bit Server VM"/>
    <property name="localRepository" value="D:\XTTC\maven\apache-maven-3.9.4\mvn_repo"/>
    <property name="java.vendor.url.bug" value="https://bugreport.java.com/bugreport/"/>
    <property name="java.io.tmpdir" value="C:\Users\18332\AppData\Local\Temp\"/>
    <property name="java.version" value="17.0.13"/>
    <property name="user.dir" value="D:\XTTC\WMS\WMS-parent\WMS.springboot"/>
    <property name="os.arch" value="amd64"/>
    <property name="java.vm.specification.name" value="Java Virtual Machine Specification"/>
    <property name="PID" value="23048"/>
    <property name="sun.os.patch.level" value=""/>
    <property name="CONSOLE_LOG_CHARSET" value="GBK"/>
    <property name="native.encoding" value="GBK"/>
    <property name="java.library.path" value="C:\Program Files\Java\jdk-17\bin;C:\WINDOWS\Sun\Java\bin;C:\WINDOWS\system32;C:\WINDOWS;D:\XTTC\VMware\bin\;C:\Program Files\Common Files\Oracle\Java\javapath;%JAVA_HOME%\bin;C:\Program Files (x86)\Common Files\Oracle\Java\javapath;C:\Windows\system32;C:\Windows;C:\Windows\System32\Wbem;C:\Windows\System32\WindowsPowerShell\v1.0\;C:\Windows\System32\OpenSSH\;C:\Program Files (x86)\NVIDIA Corporation\PhysX\Common;C:\WINDOWS\system32;C:\WINDOWS;C:\WINDOWS\System32\Wbem;C:\WINDOWS\System32\WindowsPowerShell\v1.0\;C:\WINDOWS\System32\OpenSSH\;D:\PHP\server\mysql\bin;C:\Users\18332\Desktop\新建文件夹\微信web开发者工具\dll;C:\Progra;F;les\Git\cmd;C:\Program Files\NVIDIA Corporation\NVIDIA app\NvDLISR;D:\XTTC\mysql\mysql-5.7.44-winx64\bin;%mysql%\bin;D:\XTTC\maven\apache-maven-3.9.4\bin;C:\Program Files\nodejs\;C:\Program Files\Git\cmd;D:\XTTC\wxapp\微信web开发者工具\dll;D:\Python\Scripts\;D:\Python\;C:\Users\18332\AppData\Local\Microsoft\WindowsApps;D:\学习资料\VSC\Microsoft VS Code\bin;D:\flutter Dart\flutter\bin;D:\XTTC\idea2\IntelliJ IDEA 2024.1.2\bin;D:\XTTC\pycharm\PyCharm 2024.3\bin;D:\XTTC\DataGrip\DataGrip 2024.1.1\bin;C:\Users\18332\AppData\Roaming\npm;."/>
    <property name="java.vm.info" value="mixed mode, sharing"/>
    <property name="java.vendor" value="Oracle Corporation"/>
    <property name="java.vm.version" value="17.0.13+10-LTS-268"/>
    <property name="java.specification.maintenance.version" value="1"/>
    <property name="sun.io.unicode.encoding" value="UnicodeLittle"/>
    <property name="java.class.version" value="61.0"/>
  </properties>
  <testcase name="contextLoads" classname="com.example.web.WebApplicationTests" time="1.374">
    <system-out><![CDATA[16:05:08.721 [main] INFO org.springframework.test.context.support.AnnotationConfigContextLoaderUtils -- Could not detect default configuration classes for test class [com.example.web.WebApplicationTests]: WebApplicationTests does not declare any static, non-private, non-final, nested classes annotated with @Configuration.
16:05:08.855 [main] INFO org.springframework.boot.test.context.SpringBootTestContextBootstrapper -- Found @SpringBootConfiguration com.example.web.WebApplication for test class com.example.web.WebApplicationTests
16:05:09.072 [main] INFO org.springframework.boot.devtools.restart.RestartApplicationListener -- Restart disabled due to context in which it is running

  .   ____          _            __ _ _
 /\\ / ___'_ __ _ _(_)_ __  __ _ \ \ \ \
( ( )\___ | '_ | '_| | '_ \/ _` | \ \ \ \
 \\/  ___)| |_)| | | | | || (_| |  ) ) ) )
  '  |____| .__|_| |_|_| |_\__, | / / / /
 =========|_|==============|___/=/_/_/_/

 :: Spring Boot ::                (v3.3.1)

2025-06-07T16:05:09.426+08:00  INFO 23048 --- [           main] com.example.web.WebApplicationTests      : Starting WebApplicationTests using Java 17.0.13 with PID 23048 (started by 18332 in D:\XTTC\WMS\WMS-parent\WMS.springboot)
2025-06-07T16:05:09.429+08:00  INFO 23048 --- [           main] com.example.web.WebApplicationTests      : No active profile set, falling back to 1 default profile: "default"
 _ _   |_  _ _|_. ___ _ |    _ 
| | |\/|_)(_| | |_\  |_)||_|_\ 
     /               |         
                        3.5.7 
2025-06-07T16:05:13.225+08:00  INFO 23048 --- [           main] com.example.web.WebApplicationTests      : Started WebApplicationTests in 4.166 seconds (process running for 5.294)
]]></system-out>
  </testcase>
</testsuite>